<?xml version="1.0" encoding="UTF-8"?>
<!-- Generated by org.testng.reporters.JUnitReportReporter -->
<testsuite hostname="DESKTOP-IC2NU4G" failures="0" tests="3" name="testBase.TC_002_LoginToMyAccount" time="2.923" errors="0" timestamp="2022-12-01T15:30:02 PST" skipped="0">
  <testcase classname="testBase.TC_002_LoginToMyAccount" name="tc_002_login" time="0.936"/>
  <system-out/>
  <testcase classname="testBase.TC_002_LoginToMyAccount" name="tc_002_login" time="0.677"/>
  <system-out/>
  <testcase classname="testBase.TC_002_LoginToMyAccount" name="tc_002_login" time="1.310"/>
  <system-out/>
</testsuite> <!-- testBase.TC_002_LoginToMyAccount -->
