<?xml version="1.0" encoding="UTF-8"?>
<!-- Generated by org.testng.reporters.JUnitReportReporter -->
<testsuite hostname="DESKTOP-IC2NU4G" failures="0" tests="1" name="testBase.TC_001_RegisterClass" time="6.549" errors="0" timestamp="2022-12-01T14:56:34 PST" skipped="0">
  <testcase classname="testBase.TC_001_RegisterClass" name="TC_001_Register" time="6.549"/>
  <system-out/>
</testsuite> <!-- testBase.TC_001_RegisterClass -->
